C:\USERS\BROOK\DOCUMENTS\VISUAL STUDIO 2012\PROJECTS\SPACEGAME\SPACEGAME\DEBUG\CBALLOON.OBJ
C:\USERS\BROOK\DOCUMENTS\VISUAL STUDIO 2012\PROJECTS\SPACEGAME\SPACEGAME\DEBUG\CD3DMANAGER.OBJ
C:\USERS\BROOK\DOCUMENTS\VISUAL STUDIO 2012\PROJECTS\SPACEGAME\SPACEGAME\DEBUG\CD3DXFONT.OBJ
C:\USERS\BROOK\DOCUMENTS\VISUAL STUDIO 2012\PROJECTS\SPACEGAME\SPACEGAME\DEBUG\CD3DXSPRITEMGR.OBJ
C:\USERS\BROOK\DOCUMENTS\VISUAL STUDIO 2012\PROJECTS\SPACEGAME\SPACEGAME\DEBUG\CD3DXTEXTURE.OBJ
C:\USERS\BROOK\DOCUMENTS\VISUAL STUDIO 2012\PROJECTS\SPACEGAME\SPACEGAME\DEBUG\CSPRITE.OBJ
C:\USERS\BROOK\DOCUMENTS\VISUAL STUDIO 2012\PROJECTS\SPACEGAME\SPACEGAME\DEBUG\MAIN.OBJ
C:\USERS\BROOK\DOCUMENTS\VISUAL STUDIO 2012\PROJECTS\SPACEGAME\SPACEGAME\DEBUG\VC110.PDB
C:\USERS\BROOK\DOCUMENTS\VISUAL STUDIO 2012\PROJECTS\SPACEGAME\SPACEGAME\DEBUG\CEXPLOSION.OBJ
C:\USERS\BROOK\DOCUMENTS\VISUAL STUDIO 2012\PROJECTS\SPACEGAME\SPACEGAME\DEBUG\CXAUDIO.OBJ
C:\USERS\BROOK\DOCUMENTS\VISUAL STUDIO 2012\PROJECTS\SPACEGAME\DEBUG\SPACEGAME.ILK
C:\USERS\BROOK\DOCUMENTS\VISUAL STUDIO 2012\PROJECTS\SPACEGAME\DEBUG\SPACEGAME.EXE
C:\USERS\BROOK\DOCUMENTS\VISUAL STUDIO 2012\PROJECTS\SPACEGAME\DEBUG\SPACEGAME.PDB
C:\USERS\BROOK\DOCUMENTS\VISUAL STUDIO 2012\PROJECTS\SPACEGAME\SPACEGAME\DEBUG\GAMERESOURCES.RES
c:\Users\Brook\documents\visual studio 2012\Projects\SpaceGame\SpaceGame\Debug\cBalloon.obj
c:\Users\Brook\documents\visual studio 2012\Projects\SpaceGame\SpaceGame\Debug\cD3DManager.obj
c:\Users\Brook\documents\visual studio 2012\Projects\SpaceGame\SpaceGame\Debug\cD3DXFont.obj
c:\Users\Brook\documents\visual studio 2012\Projects\SpaceGame\SpaceGame\Debug\cD3DXSpriteMgr.obj
c:\Users\Brook\documents\visual studio 2012\Projects\SpaceGame\SpaceGame\Debug\cD3DXTexture.obj
c:\Users\Brook\documents\visual studio 2012\Projects\SpaceGame\SpaceGame\Debug\cExplosion.obj
c:\Users\Brook\documents\visual studio 2012\Projects\SpaceGame\SpaceGame\Debug\cSprite.obj
c:\Users\Brook\documents\visual studio 2012\Projects\SpaceGame\SpaceGame\Debug\cXAudio.obj
c:\Users\Brook\documents\visual studio 2012\Projects\SpaceGame\SpaceGame\Debug\main.obj
c:\Users\Brook\documents\visual studio 2012\Projects\SpaceGame\SpaceGame\Debug\cl.command.1.tlog
c:\Users\Brook\documents\visual studio 2012\Projects\SpaceGame\SpaceGame\Debug\CL.read.1.tlog
c:\Users\Brook\documents\visual studio 2012\Projects\SpaceGame\SpaceGame\Debug\CL.write.1.tlog
c:\Users\Brook\documents\visual studio 2012\Projects\SpaceGame\SpaceGame\Debug\link-cvtres.read.1.tlog
c:\Users\Brook\documents\visual studio 2012\Projects\SpaceGame\SpaceGame\Debug\link-cvtres.write.1.tlog
c:\Users\Brook\documents\visual studio 2012\Projects\SpaceGame\SpaceGame\Debug\link.command.1.tlog
c:\Users\Brook\documents\visual studio 2012\Projects\SpaceGame\SpaceGame\Debug\link.read.1.tlog
c:\Users\Brook\documents\visual studio 2012\Projects\SpaceGame\SpaceGame\Debug\link.read.2.tlog
c:\Users\Brook\documents\visual studio 2012\Projects\SpaceGame\SpaceGame\Debug\link.write.1.tlog
c:\Users\Brook\documents\visual studio 2012\Projects\SpaceGame\SpaceGame\Debug\rc.command.1.tlog
c:\Users\Brook\documents\visual studio 2012\Projects\SpaceGame\SpaceGame\Debug\rc.read.1.tlog
c:\Users\Brook\documents\visual studio 2012\Projects\SpaceGame\SpaceGame\Debug\rc.write.1.tlog
c:\Users\Brook\documents\visual studio 2012\Projects\SpaceGame\SpaceGame\Debug\GameResources.res
c:\Users\Brook\documents\visual studio 2012\Projects\SpaceGame\SpaceGame\Debug\vc110.idb
c:\Users\Brook\documents\visual studio 2012\Projects\SpaceGame\SpaceGame\Debug\vc110.pdb
c:\users\brook\documents\visual studio 2012\Projects\SpaceGame\Debug\SpaceGame.pdb
c:\users\brook\documents\visual studio 2012\Projects\SpaceGame\Debug\SpaceGame.exe
c:\users\brook\documents\visual studio 2012\Projects\SpaceGame\Debug\SpaceGame.ilk
